<?xml version="1.0" encoding="UTF-8"?>
<!-- Generated by org.testng.reporters.JUnitReportReporter -->
<testsuite hostname="DESKTOP-FNVMUB9" failures="0" tests="1" name="section16.TestNg1_131" time="0.030" errors="0" timestamp="2024-12-19T16:30:56 IST" skipped="0">
  <testcase classname="section16.TestNg1_131" name="Demo" time="0.030"/>
  <system-out/>
</testsuite> <!-- section16.TestNg1_131 -->
