<?xml version="1.0" encoding="UTF-8"?>
<!-- Generated by org.testng.reporters.JUnitReportReporter -->
<testsuite hostname="DESKTOP-FNVMUB9" failures="0" tests="1" name="section16.TestNg2_132" time="0.004" errors="0" timestamp="2024-12-19T16:30:56 IST" skipped="0">
  <testcase classname="section16.TestNg2_132" name="Demo3" time="0.004"/>
  <system-out/>
</testsuite> <!-- section16.TestNg2_132 -->
