<?xml version="1.0" encoding="UTF-8"?>
<!-- Generated by org.testng.reporters.JUnitReportReporter -->
<testsuite hostname="DESKTOP-FNVMUB9" failures="0" tests="5" name="section16.TestNg4_133" time="0.079" errors="0" timestamp="2024-12-19T16:30:55 IST" skipped="1">
  <testcase classname="section16.TestNg4_133" name="WebLoginCarLoan" time="0.013"/>
  <system-out/>
  <testcase classname="section16.TestNg4_133" name="WebLoginCarLoan" time="0.008"/>
  <system-out/>
  <testcase classname="section16.TestNg4_133" name="WebLoginCarLoan" time="0.007"/>
  <system-out/>
  <testcase classname="section16.TestNg4_133" name="ApiCarLoan" time="0.051"/>
  <system-out/>
  <testcase classname="section16.TestNg4_133" name="MobileSigninCarLoan">
    <skipped/>
  </testcase> <!-- MobileSigninCarLoan -->
  <system-out/>
</testsuite> <!-- section16.TestNg4_133 -->
